app/build/intermediates/manifest_merge_blame_file/debug/manifest-merger-blame-debug-report.txt
1<?xml version="1.0" encoding="utf-8"?>
2<manifest xmlns:android="http://schemas.android.com/apk/res/android"
3    package="com.eudi.wallet"
4    android:versionCode="1"
5    android:versionName="1.0" >
6
7    <uses-sdk
8        android:minSdkVersion="26"
9        android:targetSdkVersion="34" />
10
11    <uses-permission android:name="android.permission.ACCESS_FINE_LOCATION" />
11-->src/main/AndroidManifest.xml:5:5-79
11-->src/main/AndroidManifest.xml:5:22-76
12    <uses-permission android:name="android.permission.ACCESS_COARSE_LOCATION" />
12-->src/main/AndroidManifest.xml:6:5-81
12-->src/main/AndroidManifest.xml:6:22-78
13
14    <!-- Legacy Bluetooth permissions for Android 11 and below -->
15    <uses-permission
15-->src/main/AndroidManifest.xml:9:5-10:38
16        android:name="android.permission.BLUETOOTH"
16-->src/main/AndroidManifest.xml:9:22-65
17        android:maxSdkVersion="30" />
17-->src/main/AndroidManifest.xml:10:9-35
18    <uses-permission
18-->src/main/AndroidManifest.xml:11:5-12:38
19        android:name="android.permission.BLUETOOTH_ADMIN"
19-->src/main/AndroidManifest.xml:11:22-71
20        android:maxSdkVersion="30" />
20-->src/main/AndroidManifest.xml:12:9-35
21
22    <!-- New Bluetooth permissions for Android 12+ -->
23    <uses-permission android:name="android.permission.BLUETOOTH_CONNECT" />
23-->src/main/AndroidManifest.xml:15:5-76
23-->src/main/AndroidManifest.xml:15:22-73
24    <uses-permission android:name="android.permission.BLUETOOTH_ADVERTISE" />
24-->src/main/AndroidManifest.xml:16:5-78
24-->src/main/AndroidManifest.xml:16:22-75
25    <uses-permission
25-->src/main/AndroidManifest.xml:17:5-18:58
26        android:name="android.permission.BLUETOOTH_SCAN"
26-->src/main/AndroidManifest.xml:17:22-70
27        android:usesPermissionFlags="neverForLocation" />
27-->src/main/AndroidManifest.xml:18:9-55
28
29    <uses-feature
29-->src/main/AndroidManifest.xml:20:5-22:35
30        android:name="android.hardware.bluetooth_le"
30-->src/main/AndroidManifest.xml:21:9-53
31        android:required="true" />
31-->src/main/AndroidManifest.xml:22:9-32
32
33    <permission
33-->[androidx.core:core:1.12.0] AndroidManifest.xml:22:5-24:47
34        android:name="com.eudi.wallet.DYNAMIC_RECEIVER_NOT_EXPORTED_PERMISSION"
34-->[androidx.core:core:1.12.0] AndroidManifest.xml:23:9-81
35        android:protectionLevel="signature" />
35-->[androidx.core:core:1.12.0] AndroidManifest.xml:24:9-44
36
37    <uses-permission android:name="com.eudi.wallet.DYNAMIC_RECEIVER_NOT_EXPORTED_PERMISSION" />
37-->[androidx.core:core:1.12.0] AndroidManifest.xml:26:5-97
37-->[androidx.core:core:1.12.0] AndroidManifest.xml:26:22-94
38    <uses-permission android:name="android.permission.CAMERA" /> <!-- Don't require camera, as this requires a rear camera. This allows it to work on the Nexus 7 -->
38-->[com.journeyapps:zxing-android-embedded:4.3.0] AndroidManifest.xml:22:5-65
38-->[com.journeyapps:zxing-android-embedded:4.3.0] AndroidManifest.xml:22:22-62
39    <uses-feature
39-->[com.journeyapps:zxing-android-embedded:4.3.0] AndroidManifest.xml:25:5-27:36
40        android:name="android.hardware.camera"
40-->[com.journeyapps:zxing-android-embedded:4.3.0] AndroidManifest.xml:26:9-47
41        android:required="false" />
41-->[com.journeyapps:zxing-android-embedded:4.3.0] AndroidManifest.xml:27:9-33
42    <uses-feature
42-->[com.journeyapps:zxing-android-embedded:4.3.0] AndroidManifest.xml:28:5-30:36
43        android:name="android.hardware.camera.front"
43-->[com.journeyapps:zxing-android-embedded:4.3.0] AndroidManifest.xml:29:9-53
44        android:required="false" /> <!-- TODO replace above two with next line after Android 4.2 -->
44-->[com.journeyapps:zxing-android-embedded:4.3.0] AndroidManifest.xml:30:9-33
45    <!-- <uses-feature android:name="android.hardware.camera.any"/> -->
46    <uses-feature
46-->[com.journeyapps:zxing-android-embedded:4.3.0] AndroidManifest.xml:33:5-35:36
47        android:name="android.hardware.camera.autofocus"
47-->[com.journeyapps:zxing-android-embedded:4.3.0] AndroidManifest.xml:34:9-57
48        android:required="false" />
48-->[com.journeyapps:zxing-android-embedded:4.3.0] AndroidManifest.xml:35:9-33
49    <uses-feature
49-->[com.journeyapps:zxing-android-embedded:4.3.0] AndroidManifest.xml:36:5-38:36
50        android:name="android.hardware.camera.flash"
50-->[com.journeyapps:zxing-android-embedded:4.3.0] AndroidManifest.xml:37:9-53
51        android:required="false" />
51-->[com.journeyapps:zxing-android-embedded:4.3.0] AndroidManifest.xml:38:9-33
52    <uses-feature
52-->[com.journeyapps:zxing-android-embedded:4.3.0] AndroidManifest.xml:39:5-41:36
53        android:name="android.hardware.screen.landscape"
53-->[com.journeyapps:zxing-android-embedded:4.3.0] AndroidManifest.xml:40:9-57
54        android:required="false" />
54-->[com.journeyapps:zxing-android-embedded:4.3.0] AndroidManifest.xml:41:9-33
55    <uses-feature
55-->[com.journeyapps:zxing-android-embedded:4.3.0] AndroidManifest.xml:42:5-44:36
56        android:name="android.hardware.wifi"
56-->[com.journeyapps:zxing-android-embedded:4.3.0] AndroidManifest.xml:43:9-45
57        android:required="false" />
57-->[com.journeyapps:zxing-android-embedded:4.3.0] AndroidManifest.xml:44:9-33
58
59    <application
59-->src/main/AndroidManifest.xml:24:5-46:19
60        android:allowBackup="true"
60-->src/main/AndroidManifest.xml:25:9-35
61        android:appComponentFactory="androidx.core.app.CoreComponentFactory"
61-->[androidx.core:core:1.12.0] AndroidManifest.xml:28:18-86
62        android:debuggable="true"
63        android:extractNativeLibs="false"
64        android:icon="@drawable/ic_wallet"
64-->src/main/AndroidManifest.xml:26:9-43
65        android:label="@string/app_name"
65-->src/main/AndroidManifest.xml:27:9-41
66        android:supportsRtl="true"
66-->src/main/AndroidManifest.xml:28:9-35
67        android:testOnly="true"
68        android:theme="@style/Theme.EUDIWallet" >
68-->src/main/AndroidManifest.xml:29:9-48
69        <activity
69-->src/main/AndroidManifest.xml:32:9-40:20
70            android:name="com.eudi.wallet.MainActivity"
70-->src/main/AndroidManifest.xml:33:13-41
71            android:exported="true"
71-->src/main/AndroidManifest.xml:34:13-36
72            android:theme="@style/Theme.EUDIWallet" >
72-->src/main/AndroidManifest.xml:35:13-52
73            <intent-filter>
73-->src/main/AndroidManifest.xml:36:13-39:29
74                <action android:name="android.intent.action.MAIN" />
74-->src/main/AndroidManifest.xml:37:17-69
74-->src/main/AndroidManifest.xml:37:25-66
75
76                <category android:name="android.intent.category.LAUNCHER" />
76-->src/main/AndroidManifest.xml:38:17-77
76-->src/main/AndroidManifest.xml:38:27-74
77            </intent-filter>
78        </activity>
79        <activity
79-->src/main/AndroidManifest.xml:42:9-44:55
80            android:name="com.eudi.wallet.AuthenticationActivity"
80-->src/main/AndroidManifest.xml:43:13-51
81            android:theme="@style/Theme.EUDIWallet" />
81-->src/main/AndroidManifest.xml:44:13-52
82
83        <provider
83-->[androidx.emoji2:emoji2:1.2.0] AndroidManifest.xml:24:9-32:20
84            android:name="androidx.startup.InitializationProvider"
84-->[androidx.emoji2:emoji2:1.2.0] AndroidManifest.xml:25:13-67
85            android:authorities="com.eudi.wallet.androidx-startup"
85-->[androidx.emoji2:emoji2:1.2.0] AndroidManifest.xml:26:13-68
86            android:exported="false" >
86-->[androidx.emoji2:emoji2:1.2.0] AndroidManifest.xml:27:13-37
87            <meta-data
87-->[androidx.emoji2:emoji2:1.2.0] AndroidManifest.xml:29:13-31:52
88                android:name="androidx.emoji2.text.EmojiCompatInitializer"
88-->[androidx.emoji2:emoji2:1.2.0] AndroidManifest.xml:30:17-75
89                android:value="androidx.startup" />
89-->[androidx.emoji2:emoji2:1.2.0] AndroidManifest.xml:31:17-49
90            <meta-data
90-->[androidx.lifecycle:lifecycle-process:2.7.0] AndroidManifest.xml:29:13-31:52
91                android:name="androidx.lifecycle.ProcessLifecycleInitializer"
91-->[androidx.lifecycle:lifecycle-process:2.7.0] AndroidManifest.xml:30:17-78
92                android:value="androidx.startup" />
92-->[androidx.lifecycle:lifecycle-process:2.7.0] AndroidManifest.xml:31:17-49
93            <meta-data
93-->[androidx.profileinstaller:profileinstaller:1.3.0] AndroidManifest.xml:29:13-31:52
94                android:name="androidx.profileinstaller.ProfileInstallerInitializer"
94-->[androidx.profileinstaller:profileinstaller:1.3.0] AndroidManifest.xml:30:17-85
95                android:value="androidx.startup" />
95-->[androidx.profileinstaller:profileinstaller:1.3.0] AndroidManifest.xml:31:17-49
96        </provider>
97
98        <activity
98-->[com.journeyapps:zxing-android-embedded:4.3.0] AndroidManifest.xml:47:9-53:63
99            android:name="com.journeyapps.barcodescanner.CaptureActivity"
99-->[com.journeyapps:zxing-android-embedded:4.3.0] AndroidManifest.xml:48:13-74
100            android:clearTaskOnLaunch="true"
100-->[com.journeyapps:zxing-android-embedded:4.3.0] AndroidManifest.xml:49:13-45
101            android:screenOrientation="sensorLandscape"
101-->[com.journeyapps:zxing-android-embedded:4.3.0] AndroidManifest.xml:50:13-56
102            android:stateNotNeeded="true"
102-->[com.journeyapps:zxing-android-embedded:4.3.0] AndroidManifest.xml:51:13-42
103            android:theme="@style/zxing_CaptureTheme"
103-->[com.journeyapps:zxing-android-embedded:4.3.0] AndroidManifest.xml:52:13-54
104            android:windowSoftInputMode="stateAlwaysHidden" />
104-->[com.journeyapps:zxing-android-embedded:4.3.0] AndroidManifest.xml:53:13-60
105
106        <receiver
106-->[androidx.profileinstaller:profileinstaller:1.3.0] AndroidManifest.xml:34:9-52:20
107            android:name="androidx.profileinstaller.ProfileInstallReceiver"
107-->[androidx.profileinstaller:profileinstaller:1.3.0] AndroidManifest.xml:35:13-76
108            android:directBootAware="false"
108-->[androidx.profileinstaller:profileinstaller:1.3.0] AndroidManifest.xml:36:13-44
109            android:enabled="true"
109-->[androidx.profileinstaller:profileinstaller:1.3.0] AndroidManifest.xml:37:13-35
110            android:exported="true"
110-->[androidx.profileinstaller:profileinstaller:1.3.0] AndroidManifest.xml:38:13-36
111            android:permission="android.permission.DUMP" >
111-->[androidx.profileinstaller:profileinstaller:1.3.0] AndroidManifest.xml:39:13-57
112            <intent-filter>
112-->[androidx.profileinstaller:profileinstaller:1.3.0] AndroidManifest.xml:40:13-42:29
113                <action android:name="androidx.profileinstaller.action.INSTALL_PROFILE" />
113-->[androidx.profileinstaller:profileinstaller:1.3.0] AndroidManifest.xml:41:17-91
113-->[androidx.profileinstaller:profileinstaller:1.3.0] AndroidManifest.xml:41:25-88
114            </intent-filter>
115            <intent-filter>
115-->[androidx.profileinstaller:profileinstaller:1.3.0] AndroidManifest.xml:43:13-45:29
116                <action android:name="androidx.profileinstaller.action.SKIP_FILE" />
116-->[androidx.profileinstaller:profileinstaller:1.3.0] AndroidManifest.xml:44:17-85
116-->[androidx.profileinstaller:profileinstaller:1.3.0] AndroidManifest.xml:44:25-82
117            </intent-filter>
118            <intent-filter>
118-->[androidx.profileinstaller:profileinstaller:1.3.0] AndroidManifest.xml:46:13-48:29
119                <action android:name="androidx.profileinstaller.action.SAVE_PROFILE" />
119-->[androidx.profileinstaller:profileinstaller:1.3.0] AndroidManifest.xml:47:17-88
119-->[androidx.profileinstaller:profileinstaller:1.3.0] AndroidManifest.xml:47:25-85
120            </intent-filter>
121            <intent-filter>
121-->[androidx.profileinstaller:profileinstaller:1.3.0] AndroidManifest.xml:49:13-51:29
122                <action android:name="androidx.profileinstaller.action.BENCHMARK_OPERATION" />
122-->[androidx.profileinstaller:profileinstaller:1.3.0] AndroidManifest.xml:50:17-95
122-->[androidx.profileinstaller:profileinstaller:1.3.0] AndroidManifest.xml:50:25-92
123            </intent-filter>
124        </receiver>
125    </application>
126
127</manifest>